2025-12-05T02:11:21.160+05:30  INFO 8380 --- [Legal Document Analyzer] [restartedMain] c.l.LegalDocumentAnalyzerApplication     : Starting LegalDocumentAnalyzerApplication using Java 22.0.2 with PID 8380 (C:\Users\risha\Downloads\legal-document-analyzer\legal-document-analyzer\target\classes started by risha in C:\Users\risha\Downloads\legal-document-analyzer)
2025-12-05T02:11:21.174+05:30 DEBUG 8380 --- [Legal Document Analyzer] [restartedMain] c.l.LegalDocumentAnalyzerApplication     : Running with Spring Boot v3.2.0, Spring v6.1.1
2025-12-05T02:11:21.176+05:30  INFO 8380 --- [Legal Document Analyzer] [restartedMain] c.l.LegalDocumentAnalyzerApplication     : No active profile set, falling back to 1 default profile: "default"
2025-12-05T02:11:21.287+05:30  INFO 8380 --- [Legal Document Analyzer] [restartedMain] .e.DevToolsPropertyDefaultsPostProcessor : Devtools property defaults active! Set 'spring.devtools.add-properties' to 'false' to disable
2025-12-05T02:11:21.288+05:30  INFO 8380 --- [Legal Document Analyzer] [restartedMain] .e.DevToolsPropertyDefaultsPostProcessor : For additional web related logging consider setting the 'logging.level.web' property to 'DEBUG'
2025-12-05T02:11:22.931+05:30  INFO 8380 --- [Legal Document Analyzer] [restartedMain] .s.d.r.c.RepositoryConfigurationDelegate : Bootstrapping Spring Data JPA repositories in DEFAULT mode.
2025-12-05T02:11:23.054+05:30  INFO 8380 --- [Legal Document Analyzer] [restartedMain] .s.d.r.c.RepositoryConfigurationDelegate : Finished Spring Data repository scanning in 98 ms. Found 4 JPA repository interfaces.
2025-12-05T02:11:25.929+05:30  INFO 8380 --- [Legal Document Analyzer] [restartedMain] o.s.b.w.embedded.tomcat.TomcatWebServer  : Tomcat initialized with port 8081 (http)
2025-12-05T02:11:25.947+05:30  INFO 8380 --- [Legal Document Analyzer] [restartedMain] o.apache.catalina.core.StandardService   : Starting service [Tomcat]
2025-12-05T02:11:25.947+05:30  INFO 8380 --- [Legal Document Analyzer] [restartedMain] o.apache.catalina.core.StandardEngine    : Starting Servlet engine: [Apache Tomcat/10.1.16]
2025-12-05T02:11:26.075+05:30  INFO 8380 --- [Legal Document Analyzer] [restartedMain] o.a.c.c.C.[Tomcat].[localhost].[/]       : Initializing Spring embedded WebApplicationContext
2025-12-05T02:11:26.076+05:30  INFO 8380 --- [Legal Document Analyzer] [restartedMain] w.s.c.ServletWebServerApplicationContext : Root WebApplicationContext: initialization completed in 4788 ms
2025-12-05T02:11:26.866+05:30  INFO 8380 --- [Legal Document Analyzer] [restartedMain] o.hibernate.jpa.internal.util.LogHelper  : HHH000204: Processing PersistenceUnitInfo [name: default]
2025-12-05T02:11:26.980+05:30  INFO 8380 --- [Legal Document Analyzer] [restartedMain] org.hibernate.Version                    : HHH000412: Hibernate ORM core version 6.3.1.Final
2025-12-05T02:11:27.075+05:30  INFO 8380 --- [Legal Document Analyzer] [restartedMain] o.h.c.internal.RegionFactoryInitiator    : HHH000026: Second-level cache disabled
2025-12-05T02:11:27.489+05:30  INFO 8380 --- [Legal Document Analyzer] [restartedMain] o.s.o.j.p.SpringPersistenceUnitInfo      : No LoadTimeWeaver setup: ignoring JPA class transformer
2025-12-05T02:11:27.532+05:30  INFO 8380 --- [Legal Document Analyzer] [restartedMain] com.zaxxer.hikari.HikariDataSource       : HikariPool-1 - Starting...
2025-12-05T02:11:28.327+05:30  INFO 8380 --- [Legal Document Analyzer] [restartedMain] com.zaxxer.hikari.pool.HikariPool        : HikariPool-1 - Added connection com.mysql.cj.jdbc.ConnectionImpl@481608e
2025-12-05T02:11:28.329+05:30  INFO 8380 --- [Legal Document Analyzer] [restartedMain] com.zaxxer.hikari.HikariDataSource       : HikariPool-1 - Start completed.
2025-12-05T02:11:28.465+05:30  WARN 8380 --- [Legal Document Analyzer] [restartedMain] org.hibernate.orm.deprecation            : HHH90000025: MySQL8Dialect does not need to be specified explicitly using 'hibernate.dialect' (remove the property setting and it will be selected by default)
2025-12-05T02:11:28.468+05:30  WARN 8380 --- [Legal Document Analyzer] [restartedMain] org.hibernate.orm.deprecation            : HHH90000026: MySQL8Dialect has been deprecated; use org.hibernate.dialect.MySQLDialect instead
2025-12-05T02:11:29.814+05:30  INFO 8380 --- [Legal Document Analyzer] [restartedMain] o.h.e.t.j.p.i.JtaPlatformInitiator       : HHH000489: No JTA platform available (set 'hibernate.transaction.jta.platform' to enable JTA platform integration)
2025-12-05T02:11:29.932+05:30 DEBUG 8380 --- [Legal Document Analyzer] [restartedMain] org.hibernate.SQL                        : 
    alter table analysis_results 
       modify column overall_risk_level enum ('LOW','MEDIUM','HIGH','CRITICAL')
2025-12-05T02:11:30.200+05:30 DEBUG 8380 --- [Legal Document Analyzer] [restartedMain] org.hibernate.SQL                        : 
    alter table documents 
       modify column status enum ('UPLOADED','PROCESSING','ANALYZED','FAILED','DELETED') not null
2025-12-05T02:11:30.315+05:30 DEBUG 8380 --- [Legal Document Analyzer] [restartedMain] org.hibernate.SQL                        : 
    alter table recommendations 
       modify column priority enum ('LOW','MEDIUM','HIGH','CRITICAL') not null
2025-12-05T02:11:30.407+05:30 DEBUG 8380 --- [Legal Document Analyzer] [restartedMain] org.hibernate.SQL                        : 
    alter table recommendations 
       modify column type enum ('CLAUSE_MODIFICATION','CLAUSE_ADDITION','CLAUSE_REMOVAL','RISK_MITIGATION','COMPLIANCE_IMPROVEMENT','LEGAL_REVIEW_REQUIRED') not null
2025-12-05T02:11:30.519+05:30 DEBUG 8380 --- [Legal Document Analyzer] [restartedMain] org.hibernate.SQL                        : 
    alter table risk_clauses 
       modify column clause_type enum ('NON_COMPETE','INDEMNITY','CONFIDENTIALITY','PAYMENT_TERMS','TERMINATION','LIABILITY_LIMITATION','FORCE_MAJEURE','INTELLECTUAL_PROPERTY','DISPUTE_RESOLUTION','GOVERNING_LAW','WARRANTY','OTHER') not null
2025-12-05T02:11:30.654+05:30 DEBUG 8380 --- [Legal Document Analyzer] [restartedMain] org.hibernate.SQL                        : 
    alter table risk_clauses 
       modify column risk_level enum ('LOW','MEDIUM','HIGH','CRITICAL') not null
2025-12-05T02:11:30.838+05:30  INFO 8380 --- [Legal Document Analyzer] [restartedMain] j.LocalContainerEntityManagerFactoryBean : Initialized JPA EntityManagerFactory for persistence unit 'default'
2025-12-05T02:11:31.715+05:30  INFO 8380 --- [Legal Document Analyzer] [restartedMain] o.s.d.j.r.query.QueryEnhancerFactory     : Hibernate is in classpath; If applicable, HQL parser will be used.
2025-12-05T02:11:33.076+05:30  INFO 8380 --- [Legal Document Analyzer] [restartedMain] c.l.service.impl.FileStorageServiceImpl  : File storage directory created at: C:\Users\risha\Downloads\legal-document-analyzer\uploads
2025-12-05T02:11:35.907+05:30  INFO 8380 --- [Legal Document Analyzer] [restartedMain] o.s.b.a.e.web.EndpointLinksResolver      : Exposing 3 endpoint(s) beneath base path '/actuator'
2025-12-05T02:11:36.045+05:30  INFO 8380 --- [Legal Document Analyzer] [restartedMain] o.s.s.web.DefaultSecurityFilterChain     : Will secure any request with [org.springframework.security.web.session.DisableEncodeUrlFilter@544b413d, org.springframework.security.web.context.request.async.WebAsyncManagerIntegrationFilter@30421d99, org.springframework.security.web.context.SecurityContextHolderFilter@65e33578, org.springframework.security.web.header.HeaderWriterFilter@2f58dfce, org.springframework.web.filter.CorsFilter@1a0ac233, org.springframework.security.web.authentication.logout.LogoutFilter@e67f81c, org.springframework.security.web.savedrequest.RequestCacheAwareFilter@3902554b, org.springframework.security.web.servletapi.SecurityContextHolderAwareRequestFilter@9a290ac, org.springframework.security.web.authentication.AnonymousAuthenticationFilter@120602d, org.springframework.security.web.session.SessionManagementFilter@1c33e256, org.springframework.security.web.access.ExceptionTranslationFilter@7581a5e5, org.springframework.security.web.access.intercept.AuthorizationFilter@d238f26]
2025-12-05T02:11:37.170+05:30  INFO 8380 --- [Legal Document Analyzer] [restartedMain] o.s.b.d.a.OptionalLiveReloadServer       : LiveReload server is running on port 35729
2025-12-05T02:11:37.442+05:30  INFO 8380 --- [Legal Document Analyzer] [restartedMain] o.s.b.w.embedded.tomcat.TomcatWebServer  : Tomcat started on port 8081 (http) with context path ''
2025-12-05T02:11:37.471+05:30  INFO 8380 --- [Legal Document Analyzer] [restartedMain] c.l.LegalDocumentAnalyzerApplication     : Started LegalDocumentAnalyzerApplication in 17.314 seconds (process running for 18.652)
2025-12-05T02:16:22.802+05:30  INFO 8380 --- [Legal Document Analyzer] [http-nio-8081-exec-1] o.a.c.c.C.[Tomcat].[localhost].[/]       : Initializing Spring DispatcherServlet 'dispatcherServlet'
2025-12-05T02:16:22.803+05:30  INFO 8380 --- [Legal Document Analyzer] [http-nio-8081-exec-1] o.s.web.servlet.DispatcherServlet        : Initializing Servlet 'dispatcherServlet'
2025-12-05T02:16:22.806+05:30  INFO 8380 --- [Legal Document Analyzer] [http-nio-8081-exec-1] o.s.web.servlet.DispatcherServlet        : Completed initialization in 2 ms
2025-12-05T02:16:22.834+05:30 DEBUG 8380 --- [Legal Document Analyzer] [http-nio-8081-exec-1] o.s.security.web.FilterChainProxy        : Securing POST /api/legal-documents/upload
2025-12-05T02:16:22.876+05:30 DEBUG 8380 --- [Legal Document Analyzer] [http-nio-8081-exec-1] o.s.s.w.a.AnonymousAuthenticationFilter  : Set SecurityContextHolder to anonymous SecurityContext
2025-12-05T02:16:22.881+05:30  WARN 8380 --- [Legal Document Analyzer] [http-nio-8081-exec-1] o.s.w.s.h.HandlerMappingIntrospector     : Cache miss for REQUEST dispatch to '/api/legal-documents/upload' (previous null). Performing MatchableHandlerMapping lookup. This is logged once only at WARN level, and every time at TRACE.
2025-12-05T02:16:22.896+05:30 DEBUG 8380 --- [Legal Document Analyzer] [http-nio-8081-exec-1] o.s.security.web.FilterChainProxy        : Secured POST /api/legal-documents/upload
2025-12-05T02:16:22.956+05:30  INFO 8380 --- [Legal Document Analyzer] [http-nio-8081-exec-1] c.l.controller.LegalDocumentController   : Document upload request from user: anonymous
2025-12-05T02:16:22.974+05:30  INFO 8380 --- [Legal Document Analyzer] [http-nio-8081-exec-1] c.l.s.impl.DocumentAnalyzerServiceImpl   : Starting document analysis for user: anonymous
2025-12-05T02:16:23.056+05:30  INFO 8380 --- [Legal Document Analyzer] [http-nio-8081-exec-1] c.l.service.impl.FileStorageServiceImpl  : File stored successfully at: C:\Users\risha\Downloads\legal-document-analyzer\uploads\anonymous\1764881182975_ec1ba680.pdf
2025-12-05T02:16:23.103+05:30  INFO 8380 --- [Legal Document Analyzer] [http-nio-8081-exec-1] c.l.s.impl.TextExtractionServiceImpl     : Extracting text from file: C:\Users\risha\Downloads\legal-document-analyzer\uploads\anonymous\1764881182975_ec1ba680.pdf
2025-12-05T02:16:23.860+05:30  WARN 8380 --- [Legal Document Analyzer] [http-nio-8081-exec-1] o.a.pdfbox.pdmodel.font.PDCIDFontType0   : Using fallback MS-Gothic for CID-keyed font HeiseiMin-W3
2025-12-05T02:16:24.019+05:30  INFO 8380 --- [Legal Document Analyzer] [http-nio-8081-exec-1] c.l.s.impl.TextExtractionServiceImpl     : Text extraction completed. Extracted 894 characters
2025-12-05T02:16:24.019+05:30  INFO 8380 --- [Legal Document Analyzer] [http-nio-8081-exec-1] c.l.s.impl.RiskAnalysisServiceImpl       : Starting risk analysis on text of length: 894
2025-12-05T02:16:24.028+05:30  INFO 8380 --- [Legal Document Analyzer] [http-nio-8081-exec-1] c.l.s.impl.RiskAnalysisServiceImpl       : Risk analysis completed. Risk Score: 30.00, Risk Level: MEDIUM
2025-12-05T02:16:24.062+05:30  INFO 8380 --- [Legal Document Analyzer] [http-nio-8081-exec-1] c.l.s.impl.DocumentAnalyzerServiceImpl   : Document analysis completed successfully for document: 10828cd9-9cbb-422d-a795-b58e0f30d956
2025-12-05T02:16:24.164+05:30 DEBUG 8380 --- [Legal Document Analyzer] [http-nio-8081-exec-1] org.hibernate.SQL                        : 
    insert 
    into
        documents
        (content_type, file_path, file_size, filename, original_filename, status, updated_time, upload_time, user_id, id) 
    values
        (?, ?, ?, ?, ?, ?, ?, ?, ?, ?)
2025-12-05T02:16:24.203+05:30 DEBUG 8380 --- [Legal Document Analyzer] [http-nio-8081-exec-1] org.hibernate.SQL                        : 
    insert 
    into
        analysis_results
        (analysis_time, compliance_score, document_id, overall_risk_level, risk_score, risky_clauses, summary, total_clauses, id) 
    values
        (?, ?, ?, ?, ?, ?, ?, ?, ?)
2025-12-05T02:16:24.231+05:30 DEBUG 8380 --- [Legal Document Analyzer] [http-nio-8081-exec-1] org.hibernate.SQL                        : 
    insert 
    into
        risk_clauses
        (analysis_result_id, clause_type, content, end_position, explanation, risk_level, start_position, id) 
    values
        (?, ?, ?, ?, ?, ?, ?, ?)
2025-12-05T02:16:24.232+05:30 DEBUG 8380 --- [Legal Document Analyzer] [http-nio-8081-exec-1] org.hibernate.SQL                        : 
    insert 
    into
        risk_clauses
        (analysis_result_id, clause_type, content, end_position, explanation, risk_level, start_position, id) 
    values
        (?, ?, ?, ?, ?, ?, ?, ?)
2025-12-05T02:16:24.246+05:30 DEBUG 8380 --- [Legal Document Analyzer] [http-nio-8081-exec-1] org.hibernate.SQL                        : 
    update
        documents 
    set
        content_type=?,
        file_path=?,
        file_size=?,
        filename=?,
        original_filename=?,
        status=?,
        updated_time=?,
        upload_time=?,
        user_id=? 
    where
        id=?
2025-12-05T02:16:26.884+05:30 DEBUG 8380 --- [Legal Document Analyzer] [http-nio-8081-exec-3] o.s.security.web.FilterChainProxy        : Securing GET /api/legal-documents/report/10828cd9-9cbb-422d-a795-b58e0f30d956
2025-12-05T02:16:26.886+05:30 DEBUG 8380 --- [Legal Document Analyzer] [http-nio-8081-exec-3] o.s.s.w.a.AnonymousAuthenticationFilter  : Set SecurityContextHolder to anonymous SecurityContext
2025-12-05T02:16:26.890+05:30 DEBUG 8380 --- [Legal Document Analyzer] [http-nio-8081-exec-3] o.s.security.web.FilterChainProxy        : Secured GET /api/legal-documents/report/10828cd9-9cbb-422d-a795-b58e0f30d956
2025-12-05T02:16:26.893+05:30  INFO 8380 --- [Legal Document Analyzer] [http-nio-8081-exec-3] c.l.controller.LegalDocumentController   : Analysis report request for document: 10828cd9-9cbb-422d-a795-b58e0f30d956 by user: anonymous
2025-12-05T02:16:26.896+05:30  INFO 8380 --- [Legal Document Analyzer] [http-nio-8081-exec-3] c.l.s.impl.DocumentAnalyzerServiceImpl   : Retrieving analysis report for document: 10828cd9-9cbb-422d-a795-b58e0f30d956
2025-12-05T02:16:26.955+05:30 DEBUG 8380 --- [Legal Document Analyzer] [http-nio-8081-exec-3] org.hibernate.SQL                        : 
    select
        d1_0.id,
        d1_0.content_type,
        d1_0.file_path,
        d1_0.file_size,
        d1_0.filename,
        d1_0.original_filename,
        d1_0.status,
        d1_0.updated_time,
        d1_0.upload_time,
        d1_0.user_id 
    from
        documents d1_0 
    where
        d1_0.id=?
2025-12-05T02:16:26.968+05:30 DEBUG 8380 --- [Legal Document Analyzer] [http-nio-8081-exec-3] org.hibernate.SQL                        : 
    select
        ar1_0.id,
        ar1_0.analysis_time,
        ar1_0.compliance_score,
        ar1_0.document_id,
        ar1_0.overall_risk_level,
        ar1_0.risk_score,
        ar1_0.risky_clauses,
        ar1_0.summary,
        ar1_0.total_clauses 
    from
        analysis_results ar1_0 
    where
        ar1_0.document_id=?
2025-12-05T02:16:27.064+05:30 DEBUG 8380 --- [Legal Document Analyzer] [http-nio-8081-exec-3] org.hibernate.SQL                        : 
    select
        ar1_0.id,
        ar1_0.analysis_time,
        ar1_0.compliance_score,
        ar1_0.document_id,
        ar1_0.overall_risk_level,
        ar1_0.risk_score,
        ar1_0.risky_clauses,
        ar1_0.summary,
        ar1_0.total_clauses 
    from
        analysis_results ar1_0 
    where
        ar1_0.document_id=?
2025-12-05T02:16:27.079+05:30 DEBUG 8380 --- [Legal Document Analyzer] [http-nio-8081-exec-3] org.hibernate.SQL                        : 
    select
        rc1_0.analysis_result_id,
        rc1_0.id,
        rc1_0.clause_type,
        rc1_0.content,
        rc1_0.end_position,
        rc1_0.explanation,
        rc1_0.risk_level,
        rc1_0.start_position 
    from
        risk_clauses rc1_0 
    where
        rc1_0.analysis_result_id=?
2025-12-05T02:16:27.085+05:30 DEBUG 8380 --- [Legal Document Analyzer] [http-nio-8081-exec-3] org.hibernate.SQL                        : 
    select
        r1_0.analysis_result_id,
        r1_0.id,
        r1_0.description,
        r1_0.priority,
        r1_0.suggested_action,
        r1_0.title,
        r1_0.type 
    from
        recommendations r1_0 
    where
        r1_0.analysis_result_id=?
2025-12-05T02:17:04.102+05:30 DEBUG 8380 --- [Legal Document Analyzer] [http-nio-8081-exec-5] o.s.security.web.FilterChainProxy        : Securing POST /api/legal-documents/upload
2025-12-05T02:17:04.104+05:30 DEBUG 8380 --- [Legal Document Analyzer] [http-nio-8081-exec-5] o.s.s.w.a.AnonymousAuthenticationFilter  : Set SecurityContextHolder to anonymous SecurityContext
2025-12-05T02:17:04.106+05:30 DEBUG 8380 --- [Legal Document Analyzer] [http-nio-8081-exec-5] o.s.security.web.FilterChainProxy        : Secured POST /api/legal-documents/upload
2025-12-05T02:17:04.111+05:30  INFO 8380 --- [Legal Document Analyzer] [http-nio-8081-exec-5] c.l.controller.LegalDocumentController   : Document upload request from user: anonymous
2025-12-05T02:17:04.114+05:30  INFO 8380 --- [Legal Document Analyzer] [http-nio-8081-exec-5] c.l.s.impl.DocumentAnalyzerServiceImpl   : Starting document analysis for user: anonymous
2025-12-05T02:17:04.126+05:30  INFO 8380 --- [Legal Document Analyzer] [http-nio-8081-exec-5] c.l.service.impl.FileStorageServiceImpl  : File stored successfully at: C:\Users\risha\Downloads\legal-document-analyzer\uploads\anonymous\1764881224115_6ebd43ce.docx
2025-12-05T02:17:04.127+05:30  INFO 8380 --- [Legal Document Analyzer] [http-nio-8081-exec-5] c.l.s.impl.TextExtractionServiceImpl     : Extracting text from file: C:\Users\risha\Downloads\legal-document-analyzer\uploads\anonymous\1764881224115_6ebd43ce.docx
2025-12-05T02:17:05.114+05:30  INFO 8380 --- [Legal Document Analyzer] [http-nio-8081-exec-5] c.l.s.impl.TextExtractionServiceImpl     : Text extraction completed. Extracted 894 characters
2025-12-05T02:17:05.115+05:30  INFO 8380 --- [Legal Document Analyzer] [http-nio-8081-exec-5] c.l.s.impl.RiskAnalysisServiceImpl       : Starting risk analysis on text of length: 894
2025-12-05T02:17:05.117+05:30  INFO 8380 --- [Legal Document Analyzer] [http-nio-8081-exec-5] c.l.s.impl.RiskAnalysisServiceImpl       : Risk analysis completed. Risk Score: 30.00, Risk Level: MEDIUM
2025-12-05T02:17:05.120+05:30  INFO 8380 --- [Legal Document Analyzer] [http-nio-8081-exec-5] c.l.s.impl.DocumentAnalyzerServiceImpl   : Document analysis completed successfully for document: adc2cb28-1097-40d6-9db9-99bda1e39508
2025-12-05T02:17:05.122+05:30 DEBUG 8380 --- [Legal Document Analyzer] [http-nio-8081-exec-5] org.hibernate.SQL                        : 
    insert 
    into
        documents
        (content_type, file_path, file_size, filename, original_filename, status, updated_time, upload_time, user_id, id) 
    values
        (?, ?, ?, ?, ?, ?, ?, ?, ?, ?)
2025-12-05T02:17:05.127+05:30 DEBUG 8380 --- [Legal Document Analyzer] [http-nio-8081-exec-5] org.hibernate.SQL                        : 
    insert 
    into
        analysis_results
        (analysis_time, compliance_score, document_id, overall_risk_level, risk_score, risky_clauses, summary, total_clauses, id) 
    values
        (?, ?, ?, ?, ?, ?, ?, ?, ?)
2025-12-05T02:17:05.131+05:30 DEBUG 8380 --- [Legal Document Analyzer] [http-nio-8081-exec-5] org.hibernate.SQL                        : 
    insert 
    into
        risk_clauses
        (analysis_result_id, clause_type, content, end_position, explanation, risk_level, start_position, id) 
    values
        (?, ?, ?, ?, ?, ?, ?, ?)
2025-12-05T02:17:05.133+05:30 DEBUG 8380 --- [Legal Document Analyzer] [http-nio-8081-exec-5] org.hibernate.SQL                        : 
    insert 
    into
        risk_clauses
        (analysis_result_id, clause_type, content, end_position, explanation, risk_level, start_position, id) 
    values
        (?, ?, ?, ?, ?, ?, ?, ?)
2025-12-05T02:17:05.137+05:30 DEBUG 8380 --- [Legal Document Analyzer] [http-nio-8081-exec-5] org.hibernate.SQL                        : 
    update
        documents 
    set
        content_type=?,
        file_path=?,
        file_size=?,
        filename=?,
        original_filename=?,
        status=?,
        updated_time=?,
        upload_time=?,
        user_id=? 
    where
        id=?
2025-12-05T02:17:07.670+05:30 DEBUG 8380 --- [Legal Document Analyzer] [http-nio-8081-exec-6] o.s.security.web.FilterChainProxy        : Securing GET /api/legal-documents/report/adc2cb28-1097-40d6-9db9-99bda1e39508
2025-12-05T02:17:07.671+05:30 DEBUG 8380 --- [Legal Document Analyzer] [http-nio-8081-exec-6] o.s.s.w.a.AnonymousAuthenticationFilter  : Set SecurityContextHolder to anonymous SecurityContext
2025-12-05T02:17:07.674+05:30 DEBUG 8380 --- [Legal Document Analyzer] [http-nio-8081-exec-6] o.s.security.web.FilterChainProxy        : Secured GET /api/legal-documents/report/adc2cb28-1097-40d6-9db9-99bda1e39508
2025-12-05T02:17:07.675+05:30  INFO 8380 --- [Legal Document Analyzer] [http-nio-8081-exec-6] c.l.controller.LegalDocumentController   : Analysis report request for document: adc2cb28-1097-40d6-9db9-99bda1e39508 by user: anonymous
2025-12-05T02:17:07.677+05:30  INFO 8380 --- [Legal Document Analyzer] [http-nio-8081-exec-6] c.l.s.impl.DocumentAnalyzerServiceImpl   : Retrieving analysis report for document: adc2cb28-1097-40d6-9db9-99bda1e39508
2025-12-05T02:17:07.678+05:30 DEBUG 8380 --- [Legal Document Analyzer] [http-nio-8081-exec-6] org.hibernate.SQL                        : 
    select
        d1_0.id,
        d1_0.content_type,
        d1_0.file_path,
        d1_0.file_size,
        d1_0.filename,
        d1_0.original_filename,
        d1_0.status,
        d1_0.updated_time,
        d1_0.upload_time,
        d1_0.user_id 
    from
        documents d1_0 
    where
        d1_0.id=?
2025-12-05T02:17:07.681+05:30 DEBUG 8380 --- [Legal Document Analyzer] [http-nio-8081-exec-6] org.hibernate.SQL                        : 
    select
        ar1_0.id,
        ar1_0.analysis_time,
        ar1_0.compliance_score,
        ar1_0.document_id,
        ar1_0.overall_risk_level,
        ar1_0.risk_score,
        ar1_0.risky_clauses,
        ar1_0.summary,
        ar1_0.total_clauses 
    from
        analysis_results ar1_0 
    where
        ar1_0.document_id=?
2025-12-05T02:17:07.688+05:30 DEBUG 8380 --- [Legal Document Analyzer] [http-nio-8081-exec-6] org.hibernate.SQL                        : 
    select
        ar1_0.id,
        ar1_0.analysis_time,
        ar1_0.compliance_score,
        ar1_0.document_id,
        ar1_0.overall_risk_level,
        ar1_0.risk_score,
        ar1_0.risky_clauses,
        ar1_0.summary,
        ar1_0.total_clauses 
    from
        analysis_results ar1_0 
    where
        ar1_0.document_id=?
2025-12-05T02:17:07.690+05:30 DEBUG 8380 --- [Legal Document Analyzer] [http-nio-8081-exec-6] org.hibernate.SQL                        : 
    select
        rc1_0.analysis_result_id,
        rc1_0.id,
        rc1_0.clause_type,
        rc1_0.content,
        rc1_0.end_position,
        rc1_0.explanation,
        rc1_0.risk_level,
        rc1_0.start_position 
    from
        risk_clauses rc1_0 
    where
        rc1_0.analysis_result_id=?
2025-12-05T02:17:07.694+05:30 DEBUG 8380 --- [Legal Document Analyzer] [http-nio-8081-exec-6] org.hibernate.SQL                        : 
    select
        r1_0.analysis_result_id,
        r1_0.id,
        r1_0.description,
        r1_0.priority,
        r1_0.suggested_action,
        r1_0.title,
        r1_0.type 
    from
        recommendations r1_0 
    where
        r1_0.analysis_result_id=?
2025-12-05T02:20:26.811+05:30  INFO 8380 --- [Legal Document Analyzer] [SpringApplicationShutdownHook] j.LocalContainerEntityManagerFactoryBean : Closing JPA EntityManagerFactory for persistence unit 'default'
2025-12-05T02:20:26.820+05:30  INFO 8380 --- [Legal Document Analyzer] [SpringApplicationShutdownHook] com.zaxxer.hikari.HikariDataSource       : HikariPool-1 - Shutdown initiated...
2025-12-05T02:20:26.832+05:30  INFO 8380 --- [Legal Document Analyzer] [SpringApplicationShutdownHook] com.zaxxer.hikari.HikariDataSource       : HikariPool-1 - Shutdown completed.
2025-12-05T02:24:59.014+05:30  INFO 23932 --- [Legal Document Analyzer] [restartedMain] c.l.LegalDocumentAnalyzerApplication     : Starting LegalDocumentAnalyzerApplication using Java 22.0.2 with PID 23932 (C:\Users\risha\Downloads\legal-document-analyzer\legal-document-analyzer\target\classes started by risha in C:\Users\risha\Downloads\legal-document-analyzer)
2025-12-05T02:24:59.018+05:30 DEBUG 23932 --- [Legal Document Analyzer] [restartedMain] c.l.LegalDocumentAnalyzerApplication     : Running with Spring Boot v3.2.0, Spring v6.1.1
2025-12-05T02:24:59.020+05:30  INFO 23932 --- [Legal Document Analyzer] [restartedMain] c.l.LegalDocumentAnalyzerApplication     : No active profile set, falling back to 1 default profile: "default"
2025-12-05T02:24:59.111+05:30  INFO 23932 --- [Legal Document Analyzer] [restartedMain] .e.DevToolsPropertyDefaultsPostProcessor : Devtools property defaults active! Set 'spring.devtools.add-properties' to 'false' to disable
2025-12-05T02:24:59.112+05:30  INFO 23932 --- [Legal Document Analyzer] [restartedMain] .e.DevToolsPropertyDefaultsPostProcessor : For additional web related logging consider setting the 'logging.level.web' property to 'DEBUG'
2025-12-05T02:25:00.723+05:30  INFO 23932 --- [Legal Document Analyzer] [restartedMain] .s.d.r.c.RepositoryConfigurationDelegate : Bootstrapping Spring Data JPA repositories in DEFAULT mode.
2025-12-05T02:25:00.830+05:30  INFO 23932 --- [Legal Document Analyzer] [restartedMain] .s.d.r.c.RepositoryConfigurationDelegate : Finished Spring Data repository scanning in 86 ms. Found 4 JPA repository interfaces.
2025-12-05T02:25:03.846+05:30  INFO 23932 --- [Legal Document Analyzer] [restartedMain] o.s.b.w.embedded.tomcat.TomcatWebServer  : Tomcat initialized with port 8081 (http)
2025-12-05T02:25:03.865+05:30  INFO 23932 --- [Legal Document Analyzer] [restartedMain] o.apache.catalina.core.StandardService   : Starting service [Tomcat]
2025-12-05T02:25:03.866+05:30  INFO 23932 --- [Legal Document Analyzer] [restartedMain] o.apache.catalina.core.StandardEngine    : Starting Servlet engine: [Apache Tomcat/10.1.16]
2025-12-05T02:25:04.014+05:30  INFO 23932 --- [Legal Document Analyzer] [restartedMain] o.a.c.c.C.[Tomcat].[localhost].[/]       : Initializing Spring embedded WebApplicationContext
2025-12-05T02:25:04.015+05:30  INFO 23932 --- [Legal Document Analyzer] [restartedMain] w.s.c.ServletWebServerApplicationContext : Root WebApplicationContext: initialization completed in 4902 ms
2025-12-05T02:25:04.816+05:30  INFO 23932 --- [Legal Document Analyzer] [restartedMain] o.hibernate.jpa.internal.util.LogHelper  : HHH000204: Processing PersistenceUnitInfo [name: default]
2025-12-05T02:25:04.955+05:30  INFO 23932 --- [Legal Document Analyzer] [restartedMain] org.hibernate.Version                    : HHH000412: Hibernate ORM core version 6.3.1.Final
2025-12-05T02:25:05.042+05:30  INFO 23932 --- [Legal Document Analyzer] [restartedMain] o.h.c.internal.RegionFactoryInitiator    : HHH000026: Second-level cache disabled
2025-12-05T02:25:05.451+05:30  INFO 23932 --- [Legal Document Analyzer] [restartedMain] o.s.o.j.p.SpringPersistenceUnitInfo      : No LoadTimeWeaver setup: ignoring JPA class transformer
2025-12-05T02:25:05.492+05:30  INFO 23932 --- [Legal Document Analyzer] [restartedMain] com.zaxxer.hikari.HikariDataSource       : HikariPool-1 - Starting...
2025-12-05T02:25:06.064+05:30  INFO 23932 --- [Legal Document Analyzer] [restartedMain] com.zaxxer.hikari.pool.HikariPool        : HikariPool-1 - Added connection com.mysql.cj.jdbc.ConnectionImpl@24f3a3f7
2025-12-05T02:25:06.067+05:30  INFO 23932 --- [Legal Document Analyzer] [restartedMain] com.zaxxer.hikari.HikariDataSource       : HikariPool-1 - Start completed.
2025-12-05T02:25:06.142+05:30  WARN 23932 --- [Legal Document Analyzer] [restartedMain] org.hibernate.orm.deprecation            : HHH90000025: MySQL8Dialect does not need to be specified explicitly using 'hibernate.dialect' (remove the property setting and it will be selected by default)
2025-12-05T02:25:06.144+05:30  WARN 23932 --- [Legal Document Analyzer] [restartedMain] org.hibernate.orm.deprecation            : HHH90000026: MySQL8Dialect has been deprecated; use org.hibernate.dialect.MySQLDialect instead
2025-12-05T02:25:08.109+05:30  INFO 23932 --- [Legal Document Analyzer] [restartedMain] o.h.e.t.j.p.i.JtaPlatformInitiator       : HHH000489: No JTA platform available (set 'hibernate.transaction.jta.platform' to enable JTA platform integration)
2025-12-05T02:25:08.245+05:30  INFO 23932 --- [Legal Document Analyzer] [restartedMain] j.LocalContainerEntityManagerFactoryBean : Initialized JPA EntityManagerFactory for persistence unit 'default'
2025-12-05T02:25:09.079+05:30  INFO 23932 --- [Legal Document Analyzer] [restartedMain] o.s.d.j.r.query.QueryEnhancerFactory     : Hibernate is in classpath; If applicable, HQL parser will be used.
2025-12-05T02:25:10.471+05:30  INFO 23932 --- [Legal Document Analyzer] [restartedMain] c.l.service.impl.FileStorageServiceImpl  : File storage directory created at: C:\Users\risha\Downloads\legal-document-analyzer\uploads
2025-12-05T02:25:13.477+05:30  INFO 23932 --- [Legal Document Analyzer] [restartedMain] o.s.b.a.e.web.EndpointLinksResolver      : Exposing 3 endpoint(s) beneath base path '/actuator'
2025-12-05T02:25:13.587+05:30  INFO 23932 --- [Legal Document Analyzer] [restartedMain] o.s.s.web.DefaultSecurityFilterChain     : Will secure any request with [org.springframework.security.web.session.DisableEncodeUrlFilter@1a45f1b7, org.springframework.security.web.context.request.async.WebAsyncManagerIntegrationFilter@6b2c2dca, org.springframework.security.web.context.SecurityContextHolderFilter@315d35e9, org.springframework.security.web.header.HeaderWriterFilter@882a852, org.springframework.web.filter.CorsFilter@1834e5b, org.springframework.security.web.authentication.logout.LogoutFilter@5abffcd6, org.springframework.security.web.savedrequest.RequestCacheAwareFilter@7abd77ad, org.springframework.security.web.servletapi.SecurityContextHolderAwareRequestFilter@36b527bf, org.springframework.security.web.authentication.AnonymousAuthenticationFilter@4cc12c9, org.springframework.security.web.session.SessionManagementFilter@44aa5b35, org.springframework.security.web.access.ExceptionTranslationFilter@156ff57e, org.springframework.security.web.access.intercept.AuthorizationFilter@72b1b647]
2025-12-05T02:25:14.688+05:30  INFO 23932 --- [Legal Document Analyzer] [restartedMain] o.s.b.d.a.OptionalLiveReloadServer       : LiveReload server is running on port 35729
2025-12-05T02:25:14.850+05:30  INFO 23932 --- [Legal Document Analyzer] [restartedMain] o.s.b.w.embedded.tomcat.TomcatWebServer  : Tomcat started on port 8081 (http) with context path ''
2025-12-05T02:25:14.880+05:30  INFO 23932 --- [Legal Document Analyzer] [restartedMain] c.l.LegalDocumentAnalyzerApplication     : Started LegalDocumentAnalyzerApplication in 16.938 seconds (process running for 18.337)
2025-12-05T02:25:54.108+05:30  INFO 23932 --- [Legal Document Analyzer] [http-nio-8081-exec-1] o.a.c.c.C.[Tomcat].[localhost].[/]       : Initializing Spring DispatcherServlet 'dispatcherServlet'
2025-12-05T02:25:54.109+05:30  INFO 23932 --- [Legal Document Analyzer] [http-nio-8081-exec-1] o.s.web.servlet.DispatcherServlet        : Initializing Servlet 'dispatcherServlet'
2025-12-05T02:25:54.111+05:30  INFO 23932 --- [Legal Document Analyzer] [http-nio-8081-exec-1] o.s.web.servlet.DispatcherServlet        : Completed initialization in 2 ms
2025-12-05T02:25:54.132+05:30 DEBUG 23932 --- [Legal Document Analyzer] [http-nio-8081-exec-1] o.s.security.web.FilterChainProxy        : Securing POST /api/legal-documents/upload
2025-12-05T02:25:54.174+05:30 DEBUG 23932 --- [Legal Document Analyzer] [http-nio-8081-exec-1] o.s.s.w.a.AnonymousAuthenticationFilter  : Set SecurityContextHolder to anonymous SecurityContext
2025-12-05T02:25:54.178+05:30  WARN 23932 --- [Legal Document Analyzer] [http-nio-8081-exec-1] o.s.w.s.h.HandlerMappingIntrospector     : Cache miss for REQUEST dispatch to '/api/legal-documents/upload' (previous null). Performing MatchableHandlerMapping lookup. This is logged once only at WARN level, and every time at TRACE.
2025-12-05T02:25:54.196+05:30 DEBUG 23932 --- [Legal Document Analyzer] [http-nio-8081-exec-1] o.s.security.web.FilterChainProxy        : Secured POST /api/legal-documents/upload
2025-12-05T02:25:54.269+05:30  INFO 23932 --- [Legal Document Analyzer] [http-nio-8081-exec-1] c.l.controller.LegalDocumentController   : Document upload request from user: anonymous
2025-12-05T02:25:54.284+05:30  INFO 23932 --- [Legal Document Analyzer] [http-nio-8081-exec-1] c.l.s.impl.DocumentAnalyzerServiceImpl   : Starting document analysis for user: anonymous
2025-12-05T02:25:54.377+05:30  INFO 23932 --- [Legal Document Analyzer] [http-nio-8081-exec-1] c.l.service.impl.FileStorageServiceImpl  : File stored successfully at: C:\Users\risha\Downloads\legal-document-analyzer\uploads\anonymous\1764881754285_40b0822a.pdf
2025-12-05T02:25:54.420+05:30  INFO 23932 --- [Legal Document Analyzer] [http-nio-8081-exec-1] c.l.s.impl.TextExtractionServiceImpl     : Extracting text from file: C:\Users\risha\Downloads\legal-document-analyzer\uploads\anonymous\1764881754285_40b0822a.pdf
2025-12-05T02:25:55.160+05:30  INFO 23932 --- [Legal Document Analyzer] [http-nio-8081-exec-1] c.l.s.impl.TextExtractionServiceImpl     : Text extraction completed. Extracted 1879 characters
2025-12-05T02:25:55.160+05:30  INFO 23932 --- [Legal Document Analyzer] [http-nio-8081-exec-1] c.l.s.impl.RiskAnalysisServiceImpl       : Starting risk analysis on text of length: 1879
2025-12-05T02:25:55.170+05:30  INFO 23932 --- [Legal Document Analyzer] [http-nio-8081-exec-1] c.l.s.impl.RiskAnalysisServiceImpl       : Risk analysis completed. Risk Score: 0.00, Risk Level: LOW
2025-12-05T02:25:55.202+05:30  INFO 23932 --- [Legal Document Analyzer] [http-nio-8081-exec-1] c.l.s.impl.DocumentAnalyzerServiceImpl   : Document analysis completed successfully for document: 1ce11f8e-ecb7-404d-a384-67a235152800
2025-12-05T02:25:55.278+05:30 DEBUG 23932 --- [Legal Document Analyzer] [http-nio-8081-exec-1] org.hibernate.SQL                        : 
    insert 
    into
        documents
        (content_type, file_path, file_size, filename, original_filename, status, updated_time, upload_time, user_id, id) 
    values
        (?, ?, ?, ?, ?, ?, ?, ?, ?, ?)
2025-12-05T02:25:55.306+05:30 DEBUG 23932 --- [Legal Document Analyzer] [http-nio-8081-exec-1] org.hibernate.SQL                        : 
    insert 
    into
        analysis_results
        (analysis_time, compliance_score, document_id, overall_risk_level, risk_score, risky_clauses, summary, total_clauses, id) 
    values
        (?, ?, ?, ?, ?, ?, ?, ?, ?)
2025-12-05T02:25:55.317+05:30 DEBUG 23932 --- [Legal Document Analyzer] [http-nio-8081-exec-1] org.hibernate.SQL                        : 
    update
        documents 
    set
        content_type=?,
        file_path=?,
        file_size=?,
        filename=?,
        original_filename=?,
        status=?,
        updated_time=?,
        upload_time=?,
        user_id=? 
    where
        id=?
2025-12-05T02:25:57.951+05:30 DEBUG 23932 --- [Legal Document Analyzer] [http-nio-8081-exec-5] o.s.security.web.FilterChainProxy        : Securing GET /api/legal-documents/report/1ce11f8e-ecb7-404d-a384-67a235152800
2025-12-05T02:25:57.953+05:30 DEBUG 23932 --- [Legal Document Analyzer] [http-nio-8081-exec-5] o.s.s.w.a.AnonymousAuthenticationFilter  : Set SecurityContextHolder to anonymous SecurityContext
2025-12-05T02:25:57.956+05:30 DEBUG 23932 --- [Legal Document Analyzer] [http-nio-8081-exec-5] o.s.security.web.FilterChainProxy        : Secured GET /api/legal-documents/report/1ce11f8e-ecb7-404d-a384-67a235152800
2025-12-05T02:25:57.959+05:30  INFO 23932 --- [Legal Document Analyzer] [http-nio-8081-exec-5] c.l.controller.LegalDocumentController   : Analysis report request for document: 1ce11f8e-ecb7-404d-a384-67a235152800 by user: anonymous
2025-12-05T02:25:57.962+05:30  INFO 23932 --- [Legal Document Analyzer] [http-nio-8081-exec-5] c.l.s.impl.DocumentAnalyzerServiceImpl   : Retrieving analysis report for document: 1ce11f8e-ecb7-404d-a384-67a235152800
2025-12-05T02:25:58.030+05:30 DEBUG 23932 --- [Legal Document Analyzer] [http-nio-8081-exec-5] org.hibernate.SQL                        : 
    select
        d1_0.id,
        d1_0.content_type,
        d1_0.file_path,
        d1_0.file_size,
        d1_0.filename,
        d1_0.original_filename,
        d1_0.status,
        d1_0.updated_time,
        d1_0.upload_time,
        d1_0.user_id 
    from
        documents d1_0 
    where
        d1_0.id=?
2025-12-05T02:25:58.044+05:30 DEBUG 23932 --- [Legal Document Analyzer] [http-nio-8081-exec-5] org.hibernate.SQL                        : 
    select
        ar1_0.id,
        ar1_0.analysis_time,
        ar1_0.compliance_score,
        ar1_0.document_id,
        ar1_0.overall_risk_level,
        ar1_0.risk_score,
        ar1_0.risky_clauses,
        ar1_0.summary,
        ar1_0.total_clauses 
    from
        analysis_results ar1_0 
    where
        ar1_0.document_id=?
2025-12-05T02:25:58.126+05:30 DEBUG 23932 --- [Legal Document Analyzer] [http-nio-8081-exec-5] org.hibernate.SQL                        : 
    select
        ar1_0.id,
        ar1_0.analysis_time,
        ar1_0.compliance_score,
        ar1_0.document_id,
        ar1_0.overall_risk_level,
        ar1_0.risk_score,
        ar1_0.risky_clauses,
        ar1_0.summary,
        ar1_0.total_clauses 
    from
        analysis_results ar1_0 
    where
        ar1_0.document_id=?
2025-12-05T02:25:58.134+05:30 DEBUG 23932 --- [Legal Document Analyzer] [http-nio-8081-exec-5] org.hibernate.SQL                        : 
    select
        rc1_0.analysis_result_id,
        rc1_0.id,
        rc1_0.clause_type,
        rc1_0.content,
        rc1_0.end_position,
        rc1_0.explanation,
        rc1_0.risk_level,
        rc1_0.start_position 
    from
        risk_clauses rc1_0 
    where
        rc1_0.analysis_result_id=?
2025-12-05T02:25:58.138+05:30 DEBUG 23932 --- [Legal Document Analyzer] [http-nio-8081-exec-5] org.hibernate.SQL                        : 
    select
        r1_0.analysis_result_id,
        r1_0.id,
        r1_0.description,
        r1_0.priority,
        r1_0.suggested_action,
        r1_0.title,
        r1_0.type 
    from
        recommendations r1_0 
    where
        r1_0.analysis_result_id=?
2025-12-05T02:26:29.429+05:30 DEBUG 23932 --- [Legal Document Analyzer] [http-nio-8081-exec-4] o.s.security.web.FilterChainProxy        : Securing POST /api/legal-documents/upload
2025-12-05T02:26:29.432+05:30 DEBUG 23932 --- [Legal Document Analyzer] [http-nio-8081-exec-4] o.s.s.w.a.AnonymousAuthenticationFilter  : Set SecurityContextHolder to anonymous SecurityContext
2025-12-05T02:26:29.434+05:30 DEBUG 23932 --- [Legal Document Analyzer] [http-nio-8081-exec-4] o.s.security.web.FilterChainProxy        : Secured POST /api/legal-documents/upload
2025-12-05T02:26:29.467+05:30  INFO 23932 --- [Legal Document Analyzer] [http-nio-8081-exec-4] c.l.controller.LegalDocumentController   : Document upload request from user: anonymous
2025-12-05T02:26:29.470+05:30  INFO 23932 --- [Legal Document Analyzer] [http-nio-8081-exec-4] c.l.s.impl.DocumentAnalyzerServiceImpl   : Starting document analysis for user: anonymous
2025-12-05T02:26:29.476+05:30  INFO 23932 --- [Legal Document Analyzer] [http-nio-8081-exec-4] c.l.service.impl.FileStorageServiceImpl  : File stored successfully at: C:\Users\risha\Downloads\legal-document-analyzer\uploads\anonymous\1764881789471_560ef379.pdf
2025-12-05T02:26:29.479+05:30  INFO 23932 --- [Legal Document Analyzer] [http-nio-8081-exec-4] c.l.s.impl.TextExtractionServiceImpl     : Extracting text from file: C:\Users\risha\Downloads\legal-document-analyzer\uploads\anonymous\1764881789471_560ef379.pdf
2025-12-05T02:26:29.718+05:30  INFO 23932 --- [Legal Document Analyzer] [http-nio-8081-exec-4] c.l.s.impl.TextExtractionServiceImpl     : Text extraction completed. Extracted 1355 characters
2025-12-05T02:26:29.719+05:30  INFO 23932 --- [Legal Document Analyzer] [http-nio-8081-exec-4] c.l.s.impl.RiskAnalysisServiceImpl       : Starting risk analysis on text of length: 1355
2025-12-05T02:26:29.720+05:30  INFO 23932 --- [Legal Document Analyzer] [http-nio-8081-exec-4] c.l.s.impl.RiskAnalysisServiceImpl       : Risk analysis completed. Risk Score: 0.00, Risk Level: LOW
2025-12-05T02:26:29.722+05:30  INFO 23932 --- [Legal Document Analyzer] [http-nio-8081-exec-4] c.l.s.impl.DocumentAnalyzerServiceImpl   : Document analysis completed successfully for document: 1738a107-52f6-4d19-b631-9cca4f59ce38
2025-12-05T02:26:29.727+05:30 DEBUG 23932 --- [Legal Document Analyzer] [http-nio-8081-exec-4] org.hibernate.SQL                        : 
    insert 
    into
        documents
        (content_type, file_path, file_size, filename, original_filename, status, updated_time, upload_time, user_id, id) 
    values
        (?, ?, ?, ?, ?, ?, ?, ?, ?, ?)
2025-12-05T02:26:29.733+05:30 DEBUG 23932 --- [Legal Document Analyzer] [http-nio-8081-exec-4] org.hibernate.SQL                        : 
    insert 
    into
        analysis_results
        (analysis_time, compliance_score, document_id, overall_risk_level, risk_score, risky_clauses, summary, total_clauses, id) 
    values
        (?, ?, ?, ?, ?, ?, ?, ?, ?)
2025-12-05T02:26:29.737+05:30 DEBUG 23932 --- [Legal Document Analyzer] [http-nio-8081-exec-4] org.hibernate.SQL                        : 
    update
        documents 
    set
        content_type=?,
        file_path=?,
        file_size=?,
        filename=?,
        original_filename=?,
        status=?,
        updated_time=?,
        upload_time=?,
        user_id=? 
    where
        id=?
2025-12-05T02:26:32.264+05:30 DEBUG 23932 --- [Legal Document Analyzer] [http-nio-8081-exec-6] o.s.security.web.FilterChainProxy        : Securing GET /api/legal-documents/report/1738a107-52f6-4d19-b631-9cca4f59ce38
2025-12-05T02:26:32.269+05:30 DEBUG 23932 --- [Legal Document Analyzer] [http-nio-8081-exec-6] o.s.s.w.a.AnonymousAuthenticationFilter  : Set SecurityContextHolder to anonymous SecurityContext
2025-12-05T02:26:32.274+05:30 DEBUG 23932 --- [Legal Document Analyzer] [http-nio-8081-exec-6] o.s.security.web.FilterChainProxy        : Secured GET /api/legal-documents/report/1738a107-52f6-4d19-b631-9cca4f59ce38
2025-12-05T02:26:32.277+05:30  INFO 23932 --- [Legal Document Analyzer] [http-nio-8081-exec-6] c.l.controller.LegalDocumentController   : Analysis report request for document: 1738a107-52f6-4d19-b631-9cca4f59ce38 by user: anonymous
2025-12-05T02:26:32.280+05:30  INFO 23932 --- [Legal Document Analyzer] [http-nio-8081-exec-6] c.l.s.impl.DocumentAnalyzerServiceImpl   : Retrieving analysis report for document: 1738a107-52f6-4d19-b631-9cca4f59ce38
2025-12-05T02:26:32.282+05:30 DEBUG 23932 --- [Legal Document Analyzer] [http-nio-8081-exec-6] org.hibernate.SQL                        : 
    select
        d1_0.id,
        d1_0.content_type,
        d1_0.file_path,
        d1_0.file_size,
        d1_0.filename,
        d1_0.original_filename,
        d1_0.status,
        d1_0.updated_time,
        d1_0.upload_time,
        d1_0.user_id 
    from
        documents d1_0 
    where
        d1_0.id=?
2025-12-05T02:26:32.286+05:30 DEBUG 23932 --- [Legal Document Analyzer] [http-nio-8081-exec-6] org.hibernate.SQL                        : 
    select
        ar1_0.id,
        ar1_0.analysis_time,
        ar1_0.compliance_score,
        ar1_0.document_id,
        ar1_0.overall_risk_level,
        ar1_0.risk_score,
        ar1_0.risky_clauses,
        ar1_0.summary,
        ar1_0.total_clauses 
    from
        analysis_results ar1_0 
    where
        ar1_0.document_id=?
2025-12-05T02:26:32.296+05:30 DEBUG 23932 --- [Legal Document Analyzer] [http-nio-8081-exec-6] org.hibernate.SQL                        : 
    select
        ar1_0.id,
        ar1_0.analysis_time,
        ar1_0.compliance_score,
        ar1_0.document_id,
        ar1_0.overall_risk_level,
        ar1_0.risk_score,
        ar1_0.risky_clauses,
        ar1_0.summary,
        ar1_0.total_clauses 
    from
        analysis_results ar1_0 
    where
        ar1_0.document_id=?
2025-12-05T02:26:32.300+05:30 DEBUG 23932 --- [Legal Document Analyzer] [http-nio-8081-exec-6] org.hibernate.SQL                        : 
    select
        rc1_0.analysis_result_id,
        rc1_0.id,
        rc1_0.clause_type,
        rc1_0.content,
        rc1_0.end_position,
        rc1_0.explanation,
        rc1_0.risk_level,
        rc1_0.start_position 
    from
        risk_clauses rc1_0 
    where
        rc1_0.analysis_result_id=?
2025-12-05T02:26:32.303+05:30 DEBUG 23932 --- [Legal Document Analyzer] [http-nio-8081-exec-6] org.hibernate.SQL                        : 
    select
        r1_0.analysis_result_id,
        r1_0.id,
        r1_0.description,
        r1_0.priority,
        r1_0.suggested_action,
        r1_0.title,
        r1_0.type 
    from
        recommendations r1_0 
    where
        r1_0.analysis_result_id=?
2025-12-05T02:26:55.978+05:30 DEBUG 23932 --- [Legal Document Analyzer] [http-nio-8081-exec-9] o.s.security.web.FilterChainProxy        : Securing POST /api/legal-documents/upload
2025-12-05T02:26:55.981+05:30 DEBUG 23932 --- [Legal Document Analyzer] [http-nio-8081-exec-9] o.s.s.w.a.AnonymousAuthenticationFilter  : Set SecurityContextHolder to anonymous SecurityContext
2025-12-05T02:26:55.983+05:30 DEBUG 23932 --- [Legal Document Analyzer] [http-nio-8081-exec-9] o.s.security.web.FilterChainProxy        : Secured POST /api/legal-documents/upload
2025-12-05T02:26:55.991+05:30  INFO 23932 --- [Legal Document Analyzer] [http-nio-8081-exec-9] c.l.controller.LegalDocumentController   : Document upload request from user: anonymous
2025-12-05T02:26:55.994+05:30  INFO 23932 --- [Legal Document Analyzer] [http-nio-8081-exec-9] c.l.s.impl.DocumentAnalyzerServiceImpl   : Starting document analysis for user: anonymous
2025-12-05T02:26:55.998+05:30  INFO 23932 --- [Legal Document Analyzer] [http-nio-8081-exec-9] c.l.service.impl.FileStorageServiceImpl  : File stored successfully at: C:\Users\risha\Downloads\legal-document-analyzer\uploads\anonymous\1764881815995_c1dfab42.pdf
2025-12-05T02:26:55.999+05:30  INFO 23932 --- [Legal Document Analyzer] [http-nio-8081-exec-9] c.l.s.impl.TextExtractionServiceImpl     : Extracting text from file: C:\Users\risha\Downloads\legal-document-analyzer\uploads\anonymous\1764881815995_c1dfab42.pdf
2025-12-05T02:26:56.167+05:30  INFO 23932 --- [Legal Document Analyzer] [http-nio-8081-exec-9] c.l.s.impl.TextExtractionServiceImpl     : Text extraction completed. Extracted 1230 characters
2025-12-05T02:26:56.168+05:30  INFO 23932 --- [Legal Document Analyzer] [http-nio-8081-exec-9] c.l.s.impl.RiskAnalysisServiceImpl       : Starting risk analysis on text of length: 1230
2025-12-05T02:26:56.169+05:30  INFO 23932 --- [Legal Document Analyzer] [http-nio-8081-exec-9] c.l.s.impl.RiskAnalysisServiceImpl       : Risk analysis completed. Risk Score: 0.00, Risk Level: LOW
2025-12-05T02:26:56.171+05:30  INFO 23932 --- [Legal Document Analyzer] [http-nio-8081-exec-9] c.l.s.impl.DocumentAnalyzerServiceImpl   : Document analysis completed successfully for document: b3870d0f-6c9e-44c0-97b8-80bb894826e0
2025-12-05T02:26:56.173+05:30 DEBUG 23932 --- [Legal Document Analyzer] [http-nio-8081-exec-9] org.hibernate.SQL                        : 
    insert 
    into
        documents
        (content_type, file_path, file_size, filename, original_filename, status, updated_time, upload_time, user_id, id) 
    values
        (?, ?, ?, ?, ?, ?, ?, ?, ?, ?)
2025-12-05T02:26:56.179+05:30 DEBUG 23932 --- [Legal Document Analyzer] [http-nio-8081-exec-9] org.hibernate.SQL                        : 
    insert 
    into
        analysis_results
        (analysis_time, compliance_score, document_id, overall_risk_level, risk_score, risky_clauses, summary, total_clauses, id) 
    values
        (?, ?, ?, ?, ?, ?, ?, ?, ?)
2025-12-05T02:26:56.184+05:30 DEBUG 23932 --- [Legal Document Analyzer] [http-nio-8081-exec-9] org.hibernate.SQL                        : 
    update
        documents 
    set
        content_type=?,
        file_path=?,
        file_size=?,
        filename=?,
        original_filename=?,
        status=?,
        updated_time=?,
        upload_time=?,
        user_id=? 
    where
        id=?
2025-12-05T02:26:58.722+05:30 DEBUG 23932 --- [Legal Document Analyzer] [http-nio-8081-exec-8] o.s.security.web.FilterChainProxy        : Securing GET /api/legal-documents/report/b3870d0f-6c9e-44c0-97b8-80bb894826e0
2025-12-05T02:26:58.724+05:30 DEBUG 23932 --- [Legal Document Analyzer] [http-nio-8081-exec-8] o.s.s.w.a.AnonymousAuthenticationFilter  : Set SecurityContextHolder to anonymous SecurityContext
2025-12-05T02:26:58.727+05:30 DEBUG 23932 --- [Legal Document Analyzer] [http-nio-8081-exec-8] o.s.security.web.FilterChainProxy        : Secured GET /api/legal-documents/report/b3870d0f-6c9e-44c0-97b8-80bb894826e0
2025-12-05T02:26:58.728+05:30  INFO 23932 --- [Legal Document Analyzer] [http-nio-8081-exec-8] c.l.controller.LegalDocumentController   : Analysis report request for document: b3870d0f-6c9e-44c0-97b8-80bb894826e0 by user: anonymous
2025-12-05T02:26:58.730+05:30  INFO 23932 --- [Legal Document Analyzer] [http-nio-8081-exec-8] c.l.s.impl.DocumentAnalyzerServiceImpl   : Retrieving analysis report for document: b3870d0f-6c9e-44c0-97b8-80bb894826e0
2025-12-05T02:26:58.731+05:30 DEBUG 23932 --- [Legal Document Analyzer] [http-nio-8081-exec-8] org.hibernate.SQL                        : 
    select
        d1_0.id,
        d1_0.content_type,
        d1_0.file_path,
        d1_0.file_size,
        d1_0.filename,
        d1_0.original_filename,
        d1_0.status,
        d1_0.updated_time,
        d1_0.upload_time,
        d1_0.user_id 
    from
        documents d1_0 
    where
        d1_0.id=?
2025-12-05T02:26:58.735+05:30 DEBUG 23932 --- [Legal Document Analyzer] [http-nio-8081-exec-8] org.hibernate.SQL                        : 
    select
        ar1_0.id,
        ar1_0.analysis_time,
        ar1_0.compliance_score,
        ar1_0.document_id,
        ar1_0.overall_risk_level,
        ar1_0.risk_score,
        ar1_0.risky_clauses,
        ar1_0.summary,
        ar1_0.total_clauses 
    from
        analysis_results ar1_0 
    where
        ar1_0.document_id=?
2025-12-05T02:26:58.740+05:30 DEBUG 23932 --- [Legal Document Analyzer] [http-nio-8081-exec-8] org.hibernate.SQL                        : 
    select
        ar1_0.id,
        ar1_0.analysis_time,
        ar1_0.compliance_score,
        ar1_0.document_id,
        ar1_0.overall_risk_level,
        ar1_0.risk_score,
        ar1_0.risky_clauses,
        ar1_0.summary,
        ar1_0.total_clauses 
    from
        analysis_results ar1_0 
    where
        ar1_0.document_id=?
2025-12-05T02:26:58.743+05:30 DEBUG 23932 --- [Legal Document Analyzer] [http-nio-8081-exec-8] org.hibernate.SQL                        : 
    select
        rc1_0.analysis_result_id,
        rc1_0.id,
        rc1_0.clause_type,
        rc1_0.content,
        rc1_0.end_position,
        rc1_0.explanation,
        rc1_0.risk_level,
        rc1_0.start_position 
    from
        risk_clauses rc1_0 
    where
        rc1_0.analysis_result_id=?
2025-12-05T02:26:58.745+05:30 DEBUG 23932 --- [Legal Document Analyzer] [http-nio-8081-exec-8] org.hibernate.SQL                        : 
    select
        r1_0.analysis_result_id,
        r1_0.id,
        r1_0.description,
        r1_0.priority,
        r1_0.suggested_action,
        r1_0.title,
        r1_0.type 
    from
        recommendations r1_0 
    where
        r1_0.analysis_result_id=?
2025-12-05T02:27:28.105+05:30 DEBUG 23932 --- [Legal Document Analyzer] [http-nio-8081-exec-1] o.s.security.web.FilterChainProxy        : Securing POST /api/legal-documents/upload
2025-12-05T02:27:28.108+05:30 DEBUG 23932 --- [Legal Document Analyzer] [http-nio-8081-exec-1] o.s.s.w.a.AnonymousAuthenticationFilter  : Set SecurityContextHolder to anonymous SecurityContext
2025-12-05T02:27:28.111+05:30 DEBUG 23932 --- [Legal Document Analyzer] [http-nio-8081-exec-1] o.s.security.web.FilterChainProxy        : Secured POST /api/legal-documents/upload
2025-12-05T02:27:28.122+05:30  INFO 23932 --- [Legal Document Analyzer] [http-nio-8081-exec-1] c.l.controller.LegalDocumentController   : Document upload request from user: anonymous
2025-12-05T02:27:28.124+05:30  INFO 23932 --- [Legal Document Analyzer] [http-nio-8081-exec-1] c.l.s.impl.DocumentAnalyzerServiceImpl   : Starting document analysis for user: anonymous
2025-12-05T02:27:28.129+05:30  INFO 23932 --- [Legal Document Analyzer] [http-nio-8081-exec-1] c.l.service.impl.FileStorageServiceImpl  : File stored successfully at: C:\Users\risha\Downloads\legal-document-analyzer\uploads\anonymous\1764881848125_c0caf619.pdf
2025-12-05T02:27:28.130+05:30  INFO 23932 --- [Legal Document Analyzer] [http-nio-8081-exec-1] c.l.s.impl.TextExtractionServiceImpl     : Extracting text from file: C:\Users\risha\Downloads\legal-document-analyzer\uploads\anonymous\1764881848125_c0caf619.pdf
2025-12-05T02:27:28.403+05:30  INFO 23932 --- [Legal Document Analyzer] [http-nio-8081-exec-1] c.l.s.impl.TextExtractionServiceImpl     : Text extraction completed. Extracted 24648 characters
2025-12-05T02:27:28.404+05:30  INFO 23932 --- [Legal Document Analyzer] [http-nio-8081-exec-1] c.l.s.impl.RiskAnalysisServiceImpl       : Starting risk analysis on text of length: 24648
2025-12-05T02:27:28.435+05:30  INFO 23932 --- [Legal Document Analyzer] [http-nio-8081-exec-1] c.l.s.impl.RiskAnalysisServiceImpl       : Risk analysis completed. Risk Score: 0.00, Risk Level: LOW
2025-12-05T02:27:28.437+05:30  INFO 23932 --- [Legal Document Analyzer] [http-nio-8081-exec-1] c.l.s.impl.DocumentAnalyzerServiceImpl   : Document analysis completed successfully for document: 5bbc9491-7486-4d37-b1d8-f10d147ebc04
2025-12-05T02:27:28.439+05:30 DEBUG 23932 --- [Legal Document Analyzer] [http-nio-8081-exec-1] org.hibernate.SQL                        : 
    insert 
    into
        documents
        (content_type, file_path, file_size, filename, original_filename, status, updated_time, upload_time, user_id, id) 
    values
        (?, ?, ?, ?, ?, ?, ?, ?, ?, ?)
2025-12-05T02:27:28.445+05:30 DEBUG 23932 --- [Legal Document Analyzer] [http-nio-8081-exec-1] org.hibernate.SQL                        : 
    insert 
    into
        analysis_results
        (analysis_time, compliance_score, document_id, overall_risk_level, risk_score, risky_clauses, summary, total_clauses, id) 
    values
        (?, ?, ?, ?, ?, ?, ?, ?, ?)
2025-12-05T02:27:28.449+05:30 DEBUG 23932 --- [Legal Document Analyzer] [http-nio-8081-exec-1] org.hibernate.SQL                        : 
    update
        documents 
    set
        content_type=?,
        file_path=?,
        file_size=?,
        filename=?,
        original_filename=?,
        status=?,
        updated_time=?,
        upload_time=?,
        user_id=? 
    where
        id=?
2025-12-05T02:27:30.973+05:30 DEBUG 23932 --- [Legal Document Analyzer] [http-nio-8081-exec-2] o.s.security.web.FilterChainProxy        : Securing GET /api/legal-documents/report/5bbc9491-7486-4d37-b1d8-f10d147ebc04
2025-12-05T02:27:30.974+05:30 DEBUG 23932 --- [Legal Document Analyzer] [http-nio-8081-exec-2] o.s.s.w.a.AnonymousAuthenticationFilter  : Set SecurityContextHolder to anonymous SecurityContext
2025-12-05T02:27:30.977+05:30 DEBUG 23932 --- [Legal Document Analyzer] [http-nio-8081-exec-2] o.s.security.web.FilterChainProxy        : Secured GET /api/legal-documents/report/5bbc9491-7486-4d37-b1d8-f10d147ebc04
2025-12-05T02:27:30.978+05:30  INFO 23932 --- [Legal Document Analyzer] [http-nio-8081-exec-2] c.l.controller.LegalDocumentController   : Analysis report request for document: 5bbc9491-7486-4d37-b1d8-f10d147ebc04 by user: anonymous
2025-12-05T02:27:30.979+05:30  INFO 23932 --- [Legal Document Analyzer] [http-nio-8081-exec-2] c.l.s.impl.DocumentAnalyzerServiceImpl   : Retrieving analysis report for document: 5bbc9491-7486-4d37-b1d8-f10d147ebc04
2025-12-05T02:27:30.980+05:30 DEBUG 23932 --- [Legal Document Analyzer] [http-nio-8081-exec-2] org.hibernate.SQL                        : 
    select
        d1_0.id,
        d1_0.content_type,
        d1_0.file_path,
        d1_0.file_size,
        d1_0.filename,
        d1_0.original_filename,
        d1_0.status,
        d1_0.updated_time,
        d1_0.upload_time,
        d1_0.user_id 
    from
        documents d1_0 
    where
        d1_0.id=?
2025-12-05T02:27:30.983+05:30 DEBUG 23932 --- [Legal Document Analyzer] [http-nio-8081-exec-2] org.hibernate.SQL                        : 
    select
        ar1_0.id,
        ar1_0.analysis_time,
        ar1_0.compliance_score,
        ar1_0.document_id,
        ar1_0.overall_risk_level,
        ar1_0.risk_score,
        ar1_0.risky_clauses,
        ar1_0.summary,
        ar1_0.total_clauses 
    from
        analysis_results ar1_0 
    where
        ar1_0.document_id=?
2025-12-05T02:27:30.989+05:30 DEBUG 23932 --- [Legal Document Analyzer] [http-nio-8081-exec-2] org.hibernate.SQL                        : 
    select
        ar1_0.id,
        ar1_0.analysis_time,
        ar1_0.compliance_score,
        ar1_0.document_id,
        ar1_0.overall_risk_level,
        ar1_0.risk_score,
        ar1_0.risky_clauses,
        ar1_0.summary,
        ar1_0.total_clauses 
    from
        analysis_results ar1_0 
    where
        ar1_0.document_id=?
2025-12-05T02:27:30.991+05:30 DEBUG 23932 --- [Legal Document Analyzer] [http-nio-8081-exec-2] org.hibernate.SQL                        : 
    select
        rc1_0.analysis_result_id,
        rc1_0.id,
        rc1_0.clause_type,
        rc1_0.content,
        rc1_0.end_position,
        rc1_0.explanation,
        rc1_0.risk_level,
        rc1_0.start_position 
    from
        risk_clauses rc1_0 
    where
        rc1_0.analysis_result_id=?
2025-12-05T02:27:30.992+05:30 DEBUG 23932 --- [Legal Document Analyzer] [http-nio-8081-exec-2] org.hibernate.SQL                        : 
    select
        r1_0.analysis_result_id,
        r1_0.id,
        r1_0.description,
        r1_0.priority,
        r1_0.suggested_action,
        r1_0.title,
        r1_0.type 
    from
        recommendations r1_0 
    where
        r1_0.analysis_result_id=?
2025-12-05T02:28:22.748+05:30 DEBUG 23932 --- [Legal Document Analyzer] [http-nio-8081-exec-3] o.s.security.web.FilterChainProxy        : Securing POST /api/legal-documents/upload
2025-12-05T02:28:22.752+05:30 DEBUG 23932 --- [Legal Document Analyzer] [http-nio-8081-exec-3] o.s.s.w.a.AnonymousAuthenticationFilter  : Set SecurityContextHolder to anonymous SecurityContext
2025-12-05T02:28:22.756+05:30 DEBUG 23932 --- [Legal Document Analyzer] [http-nio-8081-exec-3] o.s.security.web.FilterChainProxy        : Secured POST /api/legal-documents/upload
2025-12-05T02:28:22.761+05:30  INFO 23932 --- [Legal Document Analyzer] [http-nio-8081-exec-3] c.l.controller.LegalDocumentController   : Document upload request from user: anonymous
2025-12-05T02:28:22.764+05:30  INFO 23932 --- [Legal Document Analyzer] [http-nio-8081-exec-3] c.l.s.impl.DocumentAnalyzerServiceImpl   : Starting document analysis for user: anonymous
2025-12-05T02:28:22.769+05:30  INFO 23932 --- [Legal Document Analyzer] [http-nio-8081-exec-3] c.l.service.impl.FileStorageServiceImpl  : File stored successfully at: C:\Users\risha\Downloads\legal-document-analyzer\uploads\anonymous\1764881902765_505695bb.pdf
2025-12-05T02:28:22.771+05:30  INFO 23932 --- [Legal Document Analyzer] [http-nio-8081-exec-3] c.l.s.impl.TextExtractionServiceImpl     : Extracting text from file: C:\Users\risha\Downloads\legal-document-analyzer\uploads\anonymous\1764881902765_505695bb.pdf
2025-12-05T02:28:23.006+05:30  INFO 23932 --- [Legal Document Analyzer] [http-nio-8081-exec-3] c.l.s.impl.TextExtractionServiceImpl     : Text extraction completed. Extracted 31746 characters
2025-12-05T02:28:23.007+05:30  INFO 23932 --- [Legal Document Analyzer] [http-nio-8081-exec-3] c.l.s.impl.RiskAnalysisServiceImpl       : Starting risk analysis on text of length: 31746
2025-12-05T02:28:23.050+05:30  INFO 23932 --- [Legal Document Analyzer] [http-nio-8081-exec-3] c.l.s.impl.RiskAnalysisServiceImpl       : Risk analysis completed. Risk Score: 100.00, Risk Level: CRITICAL
2025-12-05T02:28:23.060+05:30  INFO 23932 --- [Legal Document Analyzer] [http-nio-8081-exec-3] c.l.s.impl.DocumentAnalyzerServiceImpl   : Document analysis completed successfully for document: bda58a39-5ce0-4021-b6f6-b174479827f7
2025-12-05T02:28:23.067+05:30 DEBUG 23932 --- [Legal Document Analyzer] [http-nio-8081-exec-3] org.hibernate.SQL                        : 
    insert 
    into
        documents
        (content_type, file_path, file_size, filename, original_filename, status, updated_time, upload_time, user_id, id) 
    values
        (?, ?, ?, ?, ?, ?, ?, ?, ?, ?)
2025-12-05T02:28:23.072+05:30 DEBUG 23932 --- [Legal Document Analyzer] [http-nio-8081-exec-3] org.hibernate.SQL                        : 
    insert 
    into
        analysis_results
        (analysis_time, compliance_score, document_id, overall_risk_level, risk_score, risky_clauses, summary, total_clauses, id) 
    values
        (?, ?, ?, ?, ?, ?, ?, ?, ?)
2025-12-05T02:28:23.081+05:30 DEBUG 23932 --- [Legal Document Analyzer] [http-nio-8081-exec-3] org.hibernate.SQL                        : 
    insert 
    into
        recommendations
        (analysis_result_id, description, priority, suggested_action, title, type, id) 
    values
        (?, ?, ?, ?, ?, ?, ?)
2025-12-05T02:28:23.081+05:30 DEBUG 23932 --- [Legal Document Analyzer] [http-nio-8081-exec-3] org.hibernate.SQL                        : 
    insert 
    into
        recommendations
        (analysis_result_id, description, priority, suggested_action, title, type, id) 
    values
        (?, ?, ?, ?, ?, ?, ?)
2025-12-05T02:28:23.090+05:30 DEBUG 23932 --- [Legal Document Analyzer] [http-nio-8081-exec-3] org.hibernate.SQL                        : 
    insert 
    into
        risk_clauses
        (analysis_result_id, clause_type, content, end_position, explanation, risk_level, start_position, id) 
    values
        (?, ?, ?, ?, ?, ?, ?, ?)
2025-12-05T02:28:23.091+05:30 DEBUG 23932 --- [Legal Document Analyzer] [http-nio-8081-exec-3] org.hibernate.SQL                        : 
    insert 
    into
        risk_clauses
        (analysis_result_id, clause_type, content, end_position, explanation, risk_level, start_position, id) 
    values
        (?, ?, ?, ?, ?, ?, ?, ?)
2025-12-05T02:28:23.092+05:30 DEBUG 23932 --- [Legal Document Analyzer] [http-nio-8081-exec-3] org.hibernate.SQL                        : 
    insert 
    into
        risk_clauses
        (analysis_result_id, clause_type, content, end_position, explanation, risk_level, start_position, id) 
    values
        (?, ?, ?, ?, ?, ?, ?, ?)
2025-12-05T02:28:23.092+05:30 DEBUG 23932 --- [Legal Document Analyzer] [http-nio-8081-exec-3] org.hibernate.SQL                        : 
    insert 
    into
        risk_clauses
        (analysis_result_id, clause_type, content, end_position, explanation, risk_level, start_position, id) 
    values
        (?, ?, ?, ?, ?, ?, ?, ?)
2025-12-05T02:28:23.093+05:30 DEBUG 23932 --- [Legal Document Analyzer] [http-nio-8081-exec-3] org.hibernate.SQL                        : 
    insert 
    into
        risk_clauses
        (analysis_result_id, clause_type, content, end_position, explanation, risk_level, start_position, id) 
    values
        (?, ?, ?, ?, ?, ?, ?, ?)
2025-12-05T02:28:23.093+05:30 DEBUG 23932 --- [Legal Document Analyzer] [http-nio-8081-exec-3] org.hibernate.SQL                        : 
    insert 
    into
        risk_clauses
        (analysis_result_id, clause_type, content, end_position, explanation, risk_level, start_position, id) 
    values
        (?, ?, ?, ?, ?, ?, ?, ?)
2025-12-05T02:28:23.094+05:30 DEBUG 23932 --- [Legal Document Analyzer] [http-nio-8081-exec-3] org.hibernate.SQL                        : 
    insert 
    into
        risk_clauses
        (analysis_result_id, clause_type, content, end_position, explanation, risk_level, start_position, id) 
    values
        (?, ?, ?, ?, ?, ?, ?, ?)
2025-12-05T02:28:23.095+05:30 DEBUG 23932 --- [Legal Document Analyzer] [http-nio-8081-exec-3] org.hibernate.SQL                        : 
    insert 
    into
        risk_clauses
        (analysis_result_id, clause_type, content, end_position, explanation, risk_level, start_position, id) 
    values
        (?, ?, ?, ?, ?, ?, ?, ?)
2025-12-05T02:28:23.095+05:30 DEBUG 23932 --- [Legal Document Analyzer] [http-nio-8081-exec-3] org.hibernate.SQL                        : 
    insert 
    into
        risk_clauses
        (analysis_result_id, clause_type, content, end_position, explanation, risk_level, start_position, id) 
    values
        (?, ?, ?, ?, ?, ?, ?, ?)
2025-12-05T02:28:23.095+05:30 DEBUG 23932 --- [Legal Document Analyzer] [http-nio-8081-exec-3] org.hibernate.SQL                        : 
    insert 
    into
        risk_clauses
        (analysis_result_id, clause_type, content, end_position, explanation, risk_level, start_position, id) 
    values
        (?, ?, ?, ?, ?, ?, ?, ?)
2025-12-05T02:28:23.096+05:30 DEBUG 23932 --- [Legal Document Analyzer] [http-nio-8081-exec-3] org.hibernate.SQL                        : 
    insert 
    into
        risk_clauses
        (analysis_result_id, clause_type, content, end_position, explanation, risk_level, start_position, id) 
    values
        (?, ?, ?, ?, ?, ?, ?, ?)
2025-12-05T02:28:23.096+05:30 DEBUG 23932 --- [Legal Document Analyzer] [http-nio-8081-exec-3] org.hibernate.SQL                        : 
    insert 
    into
        risk_clauses
        (analysis_result_id, clause_type, content, end_position, explanation, risk_level, start_position, id) 
    values
        (?, ?, ?, ?, ?, ?, ?, ?)
2025-12-05T02:28:23.097+05:30 DEBUG 23932 --- [Legal Document Analyzer] [http-nio-8081-exec-3] org.hibernate.SQL                        : 
    insert 
    into
        risk_clauses
        (analysis_result_id, clause_type, content, end_position, explanation, risk_level, start_position, id) 
    values
        (?, ?, ?, ?, ?, ?, ?, ?)
2025-12-05T02:28:23.097+05:30 DEBUG 23932 --- [Legal Document Analyzer] [http-nio-8081-exec-3] org.hibernate.SQL                        : 
    insert 
    into
        risk_clauses
        (analysis_result_id, clause_type, content, end_position, explanation, risk_level, start_position, id) 
    values
        (?, ?, ?, ?, ?, ?, ?, ?)
2025-12-05T02:28:23.098+05:30 DEBUG 23932 --- [Legal Document Analyzer] [http-nio-8081-exec-3] org.hibernate.SQL                        : 
    insert 
    into
        risk_clauses
        (analysis_result_id, clause_type, content, end_position, explanation, risk_level, start_position, id) 
    values
        (?, ?, ?, ?, ?, ?, ?, ?)
2025-12-05T02:28:23.098+05:30 DEBUG 23932 --- [Legal Document Analyzer] [http-nio-8081-exec-3] org.hibernate.SQL                        : 
    insert 
    into
        risk_clauses
        (analysis_result_id, clause_type, content, end_position, explanation, risk_level, start_position, id) 
    values
        (?, ?, ?, ?, ?, ?, ?, ?)
2025-12-05T02:28:23.099+05:30 DEBUG 23932 --- [Legal Document Analyzer] [http-nio-8081-exec-3] org.hibernate.SQL                        : 
    insert 
    into
        risk_clauses
        (analysis_result_id, clause_type, content, end_position, explanation, risk_level, start_position, id) 
    values
        (?, ?, ?, ?, ?, ?, ?, ?)
2025-12-05T02:28:23.100+05:30 DEBUG 23932 --- [Legal Document Analyzer] [http-nio-8081-exec-3] org.hibernate.SQL                        : 
    insert 
    into
        risk_clauses
        (analysis_result_id, clause_type, content, end_position, explanation, risk_level, start_position, id) 
    values
        (?, ?, ?, ?, ?, ?, ?, ?)
2025-12-05T02:28:23.100+05:30 DEBUG 23932 --- [Legal Document Analyzer] [http-nio-8081-exec-3] org.hibernate.SQL                        : 
    insert 
    into
        risk_clauses
        (analysis_result_id, clause_type, content, end_position, explanation, risk_level, start_position, id) 
    values
        (?, ?, ?, ?, ?, ?, ?, ?)
2025-12-05T02:28:23.101+05:30 DEBUG 23932 --- [Legal Document Analyzer] [http-nio-8081-exec-3] org.hibernate.SQL                        : 
    insert 
    into
        risk_clauses
        (analysis_result_id, clause_type, content, end_position, explanation, risk_level, start_position, id) 
    values
        (?, ?, ?, ?, ?, ?, ?, ?)
2025-12-05T02:28:23.118+05:30 DEBUG 23932 --- [Legal Document Analyzer] [http-nio-8081-exec-3] org.hibernate.SQL                        : 
    insert 
    into
        risk_clauses
        (analysis_result_id, clause_type, content, end_position, explanation, risk_level, start_position, id) 
    values
        (?, ?, ?, ?, ?, ?, ?, ?)
2025-12-05T02:28:23.119+05:30 DEBUG 23932 --- [Legal Document Analyzer] [http-nio-8081-exec-3] org.hibernate.SQL                        : 
    insert 
    into
        risk_clauses
        (analysis_result_id, clause_type, content, end_position, explanation, risk_level, start_position, id) 
    values
        (?, ?, ?, ?, ?, ?, ?, ?)
2025-12-05T02:28:23.120+05:30 DEBUG 23932 --- [Legal Document Analyzer] [http-nio-8081-exec-3] org.hibernate.SQL                        : 
    insert 
    into
        risk_clauses
        (analysis_result_id, clause_type, content, end_position, explanation, risk_level, start_position, id) 
    values
        (?, ?, ?, ?, ?, ?, ?, ?)
2025-12-05T02:28:23.120+05:30 DEBUG 23932 --- [Legal Document Analyzer] [http-nio-8081-exec-3] org.hibernate.SQL                        : 
    insert 
    into
        risk_clauses
        (analysis_result_id, clause_type, content, end_position, explanation, risk_level, start_position, id) 
    values
        (?, ?, ?, ?, ?, ?, ?, ?)
2025-12-05T02:28:23.121+05:30 DEBUG 23932 --- [Legal Document Analyzer] [http-nio-8081-exec-3] org.hibernate.SQL                        : 
    insert 
    into
        risk_clauses
        (analysis_result_id, clause_type, content, end_position, explanation, risk_level, start_position, id) 
    values
        (?, ?, ?, ?, ?, ?, ?, ?)
2025-12-05T02:28:23.122+05:30 DEBUG 23932 --- [Legal Document Analyzer] [http-nio-8081-exec-3] org.hibernate.SQL                        : 
    insert 
    into
        risk_clauses
        (analysis_result_id, clause_type, content, end_position, explanation, risk_level, start_position, id) 
    values
        (?, ?, ?, ?, ?, ?, ?, ?)
2025-12-05T02:28:23.123+05:30 DEBUG 23932 --- [Legal Document Analyzer] [http-nio-8081-exec-3] org.hibernate.SQL                        : 
    insert 
    into
        risk_clauses
        (analysis_result_id, clause_type, content, end_position, explanation, risk_level, start_position, id) 
    values
        (?, ?, ?, ?, ?, ?, ?, ?)
2025-12-05T02:28:23.123+05:30 DEBUG 23932 --- [Legal Document Analyzer] [http-nio-8081-exec-3] org.hibernate.SQL                        : 
    insert 
    into
        risk_clauses
        (analysis_result_id, clause_type, content, end_position, explanation, risk_level, start_position, id) 
    values
        (?, ?, ?, ?, ?, ?, ?, ?)
2025-12-05T02:28:23.124+05:30 DEBUG 23932 --- [Legal Document Analyzer] [http-nio-8081-exec-3] org.hibernate.SQL                        : 
    insert 
    into
        risk_clauses
        (analysis_result_id, clause_type, content, end_position, explanation, risk_level, start_position, id) 
    values
        (?, ?, ?, ?, ?, ?, ?, ?)
2025-12-05T02:28:23.125+05:30 DEBUG 23932 --- [Legal Document Analyzer] [http-nio-8081-exec-3] org.hibernate.SQL                        : 
    insert 
    into
        risk_clauses
        (analysis_result_id, clause_type, content, end_position, explanation, risk_level, start_position, id) 
    values
        (?, ?, ?, ?, ?, ?, ?, ?)
2025-12-05T02:28:23.126+05:30 DEBUG 23932 --- [Legal Document Analyzer] [http-nio-8081-exec-3] org.hibernate.SQL                        : 
    insert 
    into
        risk_clauses
        (analysis_result_id, clause_type, content, end_position, explanation, risk_level, start_position, id) 
    values
        (?, ?, ?, ?, ?, ?, ?, ?)
2025-12-05T02:28:23.137+05:30 DEBUG 23932 --- [Legal Document Analyzer] [http-nio-8081-exec-3] org.hibernate.SQL                        : 
    update
        documents 
    set
        content_type=?,
        file_path=?,
        file_size=?,
        filename=?,
        original_filename=?,
        status=?,
        updated_time=?,
        upload_time=?,
        user_id=? 
    where
        id=?
2025-12-05T02:28:25.674+05:30 DEBUG 23932 --- [Legal Document Analyzer] [http-nio-8081-exec-4] o.s.security.web.FilterChainProxy        : Securing GET /api/legal-documents/report/bda58a39-5ce0-4021-b6f6-b174479827f7
2025-12-05T02:28:25.676+05:30 DEBUG 23932 --- [Legal Document Analyzer] [http-nio-8081-exec-4] o.s.s.w.a.AnonymousAuthenticationFilter  : Set SecurityContextHolder to anonymous SecurityContext
2025-12-05T02:28:25.678+05:30 DEBUG 23932 --- [Legal Document Analyzer] [http-nio-8081-exec-4] o.s.security.web.FilterChainProxy        : Secured GET /api/legal-documents/report/bda58a39-5ce0-4021-b6f6-b174479827f7
2025-12-05T02:28:25.679+05:30  INFO 23932 --- [Legal Document Analyzer] [http-nio-8081-exec-4] c.l.controller.LegalDocumentController   : Analysis report request for document: bda58a39-5ce0-4021-b6f6-b174479827f7 by user: anonymous
2025-12-05T02:28:25.681+05:30  INFO 23932 --- [Legal Document Analyzer] [http-nio-8081-exec-4] c.l.s.impl.DocumentAnalyzerServiceImpl   : Retrieving analysis report for document: bda58a39-5ce0-4021-b6f6-b174479827f7
2025-12-05T02:28:25.681+05:30 DEBUG 23932 --- [Legal Document Analyzer] [http-nio-8081-exec-4] org.hibernate.SQL                        : 
    select
        d1_0.id,
        d1_0.content_type,
        d1_0.file_path,
        d1_0.file_size,
        d1_0.filename,
        d1_0.original_filename,
        d1_0.status,
        d1_0.updated_time,
        d1_0.upload_time,
        d1_0.user_id 
    from
        documents d1_0 
    where
        d1_0.id=?
2025-12-05T02:28:25.684+05:30 DEBUG 23932 --- [Legal Document Analyzer] [http-nio-8081-exec-4] org.hibernate.SQL                        : 
    select
        ar1_0.id,
        ar1_0.analysis_time,
        ar1_0.compliance_score,
        ar1_0.document_id,
        ar1_0.overall_risk_level,
        ar1_0.risk_score,
        ar1_0.risky_clauses,
        ar1_0.summary,
        ar1_0.total_clauses 
    from
        analysis_results ar1_0 
    where
        ar1_0.document_id=?
2025-12-05T02:28:25.690+05:30 DEBUG 23932 --- [Legal Document Analyzer] [http-nio-8081-exec-4] org.hibernate.SQL                        : 
    select
        ar1_0.id,
        ar1_0.analysis_time,
        ar1_0.compliance_score,
        ar1_0.document_id,
        ar1_0.overall_risk_level,
        ar1_0.risk_score,
        ar1_0.risky_clauses,
        ar1_0.summary,
        ar1_0.total_clauses 
    from
        analysis_results ar1_0 
    where
        ar1_0.document_id=?
2025-12-05T02:28:25.693+05:30 DEBUG 23932 --- [Legal Document Analyzer] [http-nio-8081-exec-4] org.hibernate.SQL                        : 
    select
        rc1_0.analysis_result_id,
        rc1_0.id,
        rc1_0.clause_type,
        rc1_0.content,
        rc1_0.end_position,
        rc1_0.explanation,
        rc1_0.risk_level,
        rc1_0.start_position 
    from
        risk_clauses rc1_0 
    where
        rc1_0.analysis_result_id=?
2025-12-05T02:28:25.708+05:30 DEBUG 23932 --- [Legal Document Analyzer] [http-nio-8081-exec-4] org.hibernate.SQL                        : 
    select
        r1_0.analysis_result_id,
        r1_0.id,
        r1_0.description,
        r1_0.priority,
        r1_0.suggested_action,
        r1_0.title,
        r1_0.type 
    from
        recommendations r1_0 
    where
        r1_0.analysis_result_id=?
2025-12-05T02:30:12.477+05:30  INFO 23932 --- [Legal Document Analyzer] [SpringApplicationShutdownHook] j.LocalContainerEntityManagerFactoryBean : Closing JPA EntityManagerFactory for persistence unit 'default'
2025-12-05T02:30:12.488+05:30  INFO 23932 --- [Legal Document Analyzer] [SpringApplicationShutdownHook] com.zaxxer.hikari.HikariDataSource       : HikariPool-1 - Shutdown initiated...
2025-12-05T02:30:12.501+05:30  INFO 23932 --- [Legal Document Analyzer] [SpringApplicationShutdownHook] com.zaxxer.hikari.HikariDataSource       : HikariPool-1 - Shutdown completed.
